22:25:11: Creating resource group General
22:25:11: Creating resource group Internal
22:25:11: Creating resource group Autodetect
22:25:11: SceneManagerFactory for type 'DefaultSceneManager' registered.
22:25:11: Registering ResourceManager for type Material
22:25:11: Registering ResourceManager for type Mesh
22:25:11: Registering ResourceManager for type Skeleton
22:25:11: MovableObjectFactory for type 'ParticleSystem' registered.
22:25:11: OverlayElementFactory for type Panel registered.
22:25:11: OverlayElementFactory for type BorderPanel registered.
22:25:11: OverlayElementFactory for type TextArea registered.
22:25:11: Registering ResourceManager for type Font
22:25:11: ArchiveFactory for archive type FileSystem registered.
22:25:11: ArchiveFactory for archive type Zip registered.
22:25:11: DDS codec registering
22:25:11: FreeImage version: 3.15.1
22:25:11: This program uses FreeImage, a free, open source image library supporting all common bitmap formats. See http://freeimage.sourceforge.net for details
22:25:11: Supported formats: bmp,ico,jpg,jif,jpeg,jpe,jng,koa,iff,lbm,mng,pbm,pbm,pcd,pcx,pgm,pgm,png,ppm,ppm,ras,tga,targa,tif,tiff,wap,wbmp,wbm,psd,cut,xbm,xpm,gif,hdr,g3,sgi,exr,j2k,j2c,jp2,pfm,pct,pict,pic,3fr,arw,bay,bmq,cap,cine,cr2,crw,cs1,dc2,dcr,drf,dsc,dng,erf,fff,ia,iiq,k25,kc2,kdc,mdc,mef,mos,mrw,nef,nrw,orf,pef,ptx,pxn,qtk,raf,raw,rdc,rw2,rwl,rwz,sr2,srf,sti
22:25:11: Registering ResourceManager for type HighLevelGpuProgram
22:25:11: Registering ResourceManager for type Compositor
22:25:11: MovableObjectFactory for type 'Entity' registered.
22:25:11: MovableObjectFactory for type 'Light' registered.
22:25:11: MovableObjectFactory for type 'BillboardSet' registered.
22:25:11: MovableObjectFactory for type 'ManualObject' registered.
22:25:11: MovableObjectFactory for type 'BillboardChain' registered.
22:25:11: MovableObjectFactory for type 'RibbonTrail' registered.
22:25:11: Loading library /usr/lib/OGRE/RenderSystem_GL
22:25:11: Installing plugin: GL RenderSystem
22:25:11: OpenGL Rendering Subsystem created.
22:25:11: Plugin successfully installed
22:25:11: Loading library /usr/lib/OGRE/Plugin_ParticleFX
22:25:11: Installing plugin: ParticleFX
22:25:11: Particle Emitter Type 'Point' registered
22:25:11: Particle Emitter Type 'Box' registered
22:25:11: Particle Emitter Type 'Ellipsoid' registered
22:25:11: Particle Emitter Type 'Cylinder' registered
22:25:11: Particle Emitter Type 'Ring' registered
22:25:11: Particle Emitter Type 'HollowEllipsoid' registered
22:25:11: Particle Affector Type 'LinearForce' registered
22:25:11: Particle Affector Type 'ColourFader' registered
22:25:11: Particle Affector Type 'ColourFader2' registered
22:25:11: Particle Affector Type 'ColourImage' registered
22:25:11: Particle Affector Type 'ColourInterpolator' registered
22:25:11: Particle Affector Type 'Scaler' registered
22:25:11: Particle Affector Type 'Rotator' registered
22:25:11: Particle Affector Type 'DirectionRandomiser' registered
22:25:11: Particle Affector Type 'DeflectorPlane' registered
22:25:11: Plugin successfully installed
22:25:11: Loading library /usr/lib/OGRE/Plugin_BSPSceneManager
22:25:11: Installing plugin: BSP Scene Manager
22:25:11: Plugin successfully installed
22:25:11: Loading library /usr/lib/OGRE/Plugin_OctreeSceneManager
22:25:11: Installing plugin: Octree & Terrain Scene Manager
22:25:11: Plugin successfully installed
22:25:11: Loading library /usr/lib/OGRE/Plugin_CgProgramManager
22:25:11: Installing plugin: Cg Program Manager
22:25:11: Plugin successfully installed
22:25:11: *-*-* OGRE Initialising
22:25:11: *-*-* Version 1.7.2 (Cthugha)
22:25:11: Creating resource group Bootstrap
22:25:11: Added resource location '../OgreCore.zip' of type 'Zip' to resource group 'Bootstrap'
22:25:11: Added resource location '../media' of type 'FileSystem' to resource group 'General'
22:25:11: Added resource location '../media/fonts' of type 'FileSystem' to resource group 'General'
22:25:11: Added resource location '../media/sounds' of type 'FileSystem' to resource group 'General'
22:25:11: Added resource location '../media/Audio' of type 'FileSystem' to resource group 'General'
22:25:11: Added resource location '../media/materials/programs' of type 'FileSystem' to resource group 'General'
22:25:11: Added resource location '../media/materials/scripts' of type 'FileSystem' to resource group 'General'
22:25:11: Added resource location '../media/materials/textures' of type 'FileSystem' to resource group 'General'
22:25:11: Added resource location '../media/models' of type 'FileSystem' to resource group 'General'
22:25:11: Added resource location '../media/overlays' of type 'FileSystem' to resource group 'General'
22:25:11: Added resource location '../media/particle' of type 'FileSystem' to resource group 'General'
22:25:11: Added resource location '../media/gui' of type 'FileSystem' to resource group 'General'
22:25:11: Added resource location '../media/packs/cubemap.zip' of type 'Zip' to resource group 'General'
22:25:11: Added resource location '../media/packs/cubemapsJS.zip' of type 'Zip' to resource group 'General'
22:25:11: Added resource location '../media/packs/dragon.zip' of type 'Zip' to resource group 'General'
22:25:11: Added resource location '../media/packs/fresneldemo.zip' of type 'Zip' to resource group 'General'
22:25:11: Added resource location '../media/packs/ogretestmap.zip' of type 'Zip' to resource group 'General'
22:25:11: Added resource location '../media/packs/skybox.zip' of type 'Zip' to resource group 'General'
22:25:14: CPU Identifier & Features
22:25:14: -------------------------
22:25:14:  *   CPU ID: GenuineIntel: Intel(R) Core(TM) i7-3770 CPU @ 3.40GHz
22:25:14:  *      SSE: yes
22:25:14:  *     SSE2: yes
22:25:14:  *     SSE3: yes
22:25:14:  *      MMX: yes
22:25:14:  *   MMXEXT: yes
22:25:14:  *    3DNOW: no
22:25:14:  * 3DNOWEXT: no
22:25:14:  *     CMOV: yes
22:25:14:  *      TSC: yes
22:25:14:  *      FPU: yes
22:25:14:  *      PRO: yes
22:25:14:  *       HT: no
22:25:14: -------------------------
22:25:14: ******************************
*** Starting GLX Subsystem ***
******************************
22:25:14: GLRenderSystem::_createRenderWindow "/home/cs/roeder/pythonOgre/as4/as3.py", 1024x768 windowed  miscParams: FSAA=0 displayFrequency=60 MHz gamma=No vsync=No 
22:25:14: GLXWindow::create used FBConfigID = 291
22:25:14: GL_VERSION = 2.1 Mesa 8.0.4
22:25:14: GL_VENDOR = nouveau
22:25:14: GL_RENDERER = Gallium 0.4 on NVA8
22:25:14: GL_EXTENSIONS = GL_ARB_multisample GL_EXT_abgr GL_EXT_bgra GL_EXT_blend_color GL_EXT_blend_minmax GL_EXT_blend_subtract GL_EXT_copy_texture GL_EXT_polygon_offset GL_EXT_subtexture GL_EXT_texture_object GL_EXT_vertex_array GL_EXT_compiled_vertex_array GL_EXT_texture GL_EXT_texture3D GL_IBM_rasterpos_clip GL_ARB_point_parameters GL_EXT_draw_range_elements GL_EXT_packed_pixels GL_EXT_point_parameters GL_EXT_rescale_normal GL_EXT_separate_specular_color GL_EXT_texture_edge_clamp GL_SGIS_generate_mipmap GL_SGIS_texture_border_clamp GL_SGIS_texture_edge_clamp GL_SGIS_texture_lod GL_ARB_framebuffer_sRGB GL_ARB_multitexture GL_EXT_framebuffer_sRGB GL_IBM_multimode_draw_arrays GL_IBM_texture_mirrored_repeat GL_ARB_texture_cube_map GL_ARB_texture_env_add GL_ARB_transpose_matrix GL_EXT_blend_func_separate GL_EXT_fog_coord GL_EXT_multi_draw_arrays GL_EXT_secondary_color GL_EXT_texture_env_add GL_EXT_texture_filter_anisotropic GL_EXT_texture_lod_bias GL_INGR_blend_func_separate GL_NV_blend_square GL_NV_light_max_exponent GL_NV_texgen_reflection GL_NV_texture_env_combine4 GL_SUN_multi_draw_arrays GL_ARB_texture_border_clamp GL_ARB_texture_compression GL_EXT_framebuffer_object GL_EXT_texture_env_combine GL_EXT_texture_env_dot3 GL_MESA_window_pos GL_NV_packed_depth_stencil GL_NV_texture_rectangle GL_ARB_depth_texture GL_ARB_occlusion_query GL_ARB_shadow GL_ARB_texture_env_combine GL_ARB_texture_env_crossbar GL_ARB_texture_env_dot3 GL_ARB_texture_mirrored_repeat GL_ARB_window_pos GL_EXT_stencil_two_side GL_EXT_texture_cube_map GL_NV_depth_clamp GL_NV_fog_distance GL_APPLE_packed_pixels GL_APPLE_vertex_array_object GL_ARB_draw_buffers GL_ARB_fragment_program GL_ARB_fragment_shader GL_ARB_shader_objects GL_ARB_vertex_program GL_ARB_vertex_shader GL_ATI_draw_buffers GL_ATI_texture_env_combine3 GL_ATI_texture_float GL_EXT_shadow_funcs GL_EXT_stencil_wrap GL_MESA_pack_invert GL_NV_primitive_restart GL_ARB_depth_clamp GL_ARB_fragment_program_shadow GL_ARB_half_float_pixel GL_ARB_occlusion_query2 GL_ARB_point_sprite GL_ARB_shading_language_100 GL_ARB_sync GL_ARB_texture_non_power_of_two GL_ARB_vertex_buffer_object GL_ATI_blend_equation_separate GL_EXT_blend_equation_separate GL_OES_read_format GL_ARB_color_buffer_float GL_ARB_pixel_buffer_object GL_ARB_texture_compression_rgtc GL_ARB_texture_float GL_ARB_texture_rectangle GL_ATI_texture_compression_3dc GL_EXT_packed_float GL_EXT_pixel_buffer_object GL_EXT_texture_compression_rgtc GL_EXT_texture_mirror_clamp GL_EXT_texture_rectangle GL_EXT_texture_sRGB GL_EXT_texture_shared_exponent GL_ARB_framebuffer_object GL_EXT_framebuffer_blit GL_EXT_framebuffer_multisample GL_EXT_packed_depth_stencil GL_ARB_vertex_array_object GL_ATI_separate_stencil GL_ATI_texture_mirror_once GL_EXT_draw_buffers2 GL_EXT_draw_instanced GL_EXT_gpu_program_parameters GL_EXT_texture_compression_latc GL_EXT_texture_sRGB_decode GL_EXT_timer_query GL_OES_EGL_image GL_ARB_copy_buffer GL_ARB_depth_buffer_float GL_ARB_draw_instanced GL_ARB_half_float_vertex GL_ARB_instanced_arrays GL_ARB_map_buffer_range GL_ARB_texture_rg GL_ARB_texture_swizzle GL_ARB_vertex_array_bgra GL_EXT_separate_shader_objects GL_EXT_texture_swizzle GL_EXT_vertex_array_bgra GL_NV_conditional_render GL_AMD_draw_buffers_blend GL_ARB_ES2_compatibility GL_ARB_draw_buffers_blend GL_ARB_draw_elements_base_vertex GL_ARB_explicit_attrib_location GL_ARB_fragment_coord_conventions GL_ARB_provoking_vertex GL_ARB_sampler_objects GL_ARB_seamless_cube_map GL_ARB_shader_texture_lod GL_EXT_provoking_vertex GL_EXT_texture_snorm GL_MESA_texture_signed_rgba GL_NV_texture_barrier GL_ARB_robustness GL_ARB_texture_storage 
22:25:14: Supported GLX extensions: GLX_ARB_get_proc_address GLX_ARB_multisample GLX_EXT_import_context GLX_EXT_visual_info GLX_EXT_visual_rating GLX_MESA_copy_sub_buffer GLX_MESA_multithread_makecurrent GLX_MESA_swap_control GLX_OML_swap_method GLX_OML_sync_control GLX_SGI_make_current_read GLX_SGI_swap_control GLX_SGI_video_sync GLX_SGIS_multisample GLX_SGIX_fbconfig GLX_SGIX_pbuffer GLX_SGIX_visual_select_group GLX_EXT_texture_from_pixmap 
22:25:14: ***************************
22:25:14: *** GL Renderer Started ***
22:25:14: ***************************
22:25:14: Registering ResourceManager for type GpuProgram
22:25:14: GLSL support detected
22:25:14: GL: Using GL_EXT_framebuffer_object for rendering to textures (best)
22:25:14: FBO PF_UNKNOWN depth/stencil support: D0S1 D0S4 D0S8 D0S16 D16S0 D24S0 D32S0 Packed-D24S8 
22:25:14: FBO PF_L8 depth/stencil support: D0S0 D0S1 D0S4 D0S8 D0S16 D16S0 D24S0 D32S0 Packed-D24S8 
22:25:14: FBO PF_L16 depth/stencil support: D0S0 D0S1 D0S4 D0S8 D0S16 D16S0 D24S0 D32S0 Packed-D24S8 
22:25:14: FBO PF_A8 depth/stencil support: D0S0 D0S1 D0S4 D0S8 D0S16 D16S0 D24S0 D32S0 Packed-D24S8 
22:25:14: FBO PF_A1R5G5B5 depth/stencil support: D0S0 D0S1 D0S4 D0S8 D0S16 D16S0 D24S0 D32S0 Packed-D24S8 
22:25:14: FBO PF_R8G8B8 depth/stencil support: D0S0 D0S1 D0S4 D0S8 D0S16 D16S0 D24S0 D32S0 Packed-D24S8 
22:25:14: FBO PF_B8G8R8 depth/stencil support: D0S0 D0S1 D0S4 D0S8 D0S16 D16S0 D24S0 D32S0 Packed-D24S8 
22:25:14: FBO PF_A8R8G8B8 depth/stencil support: D0S0 D0S1 D0S4 D0S8 D0S16 D16S0 D24S0 D32S0 Packed-D24S8 
22:25:14: FBO PF_B8G8R8A8 depth/stencil support: D0S0 D0S1 D0S4 D0S8 D0S16 D16S0 D24S0 D32S0 Packed-D24S8 
22:25:14: FBO PF_A2R10G10B10 depth/stencil support: D0S0 D0S1 D0S4 D0S8 D0S16 D16S0 D24S0 D32S0 Packed-D24S8 
22:25:14: FBO PF_A2B10G10R10 depth/stencil support: D0S0 D0S1 D0S4 D0S8 D0S16 D16S0 D24S0 D32S0 Packed-D24S8 
22:25:14: FBO PF_FLOAT16_RGB depth/stencil support: D0S0 D0S1 D0S4 D0S8 D0S16 D16S0 D24S0 D32S0 Packed-D24S8 
22:25:14: FBO PF_FLOAT16_RGBA depth/stencil support: D0S0 D0S1 D0S4 D0S8 D0S16 D16S0 D24S0 D32S0 Packed-D24S8 
22:25:14: FBO PF_FLOAT32_RGB depth/stencil support: D0S0 D0S1 D0S4 D0S8 D0S16 D16S0 D24S0 D32S0 Packed-D24S8 
22:25:14: FBO PF_FLOAT32_RGBA depth/stencil support: D0S0 D0S1 D0S4 D0S8 D0S16 D16S0 D24S0 D32S0 Packed-D24S8 
22:25:14: FBO PF_X8R8G8B8 depth/stencil support: D0S0 D0S1 D0S4 D0S8 D0S16 D16S0 D24S0 D32S0 Packed-D24S8 
22:25:14: FBO PF_X8B8G8R8 depth/stencil support: D0S0 D0S1 D0S4 D0S8 D0S16 D16S0 D24S0 D32S0 Packed-D24S8 
22:25:14: FBO PF_SHORT_RGBA depth/stencil support: D0S0 D0S1 D0S4 D0S8 D0S16 D16S0 D24S0 D32S0 Packed-D24S8 
22:25:14: FBO PF_FLOAT16_R depth/stencil support: D0S0 D0S1 D0S4 D0S8 D0S16 D16S0 D24S0 D32S0 Packed-D24S8 
22:25:14: FBO PF_FLOAT32_R depth/stencil support: D0S0 D0S1 D0S4 D0S8 D0S16 D16S0 D24S0 D32S0 Packed-D24S8 
22:25:14: FBO PF_SHORT_RGB depth/stencil support: D0S0 D0S1 D0S4 D0S8 D0S16 D16S0 D24S0 D32S0 Packed-D24S8 
22:25:14: [GL] : Valid FBO targets PF_UNKNOWN PF_L8 PF_L16 PF_A8 PF_A1R5G5B5 PF_R8G8B8 PF_B8G8R8 PF_A8R8G8B8 PF_B8G8R8A8 PF_A2R10G10B10 PF_A2B10G10R10 PF_FLOAT16_RGB PF_FLOAT16_RGBA PF_FLOAT32_RGB PF_FLOAT32_RGBA PF_X8R8G8B8 PF_X8B8G8R8 PF_SHORT_RGBA PF_FLOAT16_R PF_FLOAT32_R PF_SHORT_RGB 
22:25:14: RenderSystem capabilities
22:25:14: -------------------------
22:25:14: RenderSystem Name: OpenGL Rendering Subsystem
22:25:14: GPU Vendor: unknown
22:25:14: Device Name: Gallium 0.4 on NVA8
22:25:14: Driver Version: 2.1.0.0
22:25:14:  * Fixed function pipeline: yes
22:25:14:  * Hardware generation of mipmaps: yes
22:25:14:  * Texture blending: yes
22:25:14:  * Anisotropic texture filtering: yes
22:25:14:  * Dot product texture operation: yes
22:25:14:  * Cube mapping: yes
22:25:14:  * Hardware stencil buffer: yes
22:25:14:    - Stencil depth: 8
22:25:14:    - Two sided stencil support: yes
22:25:14:    - Wrap stencil values: yes
22:25:14:  * Hardware vertex / index buffers: yes
22:25:14:  * Vertex programs: yes
22:25:14:  * Number of floating-point constants for vertex programs: 4096
22:25:14:  * Number of integer constants for vertex programs: 0
22:25:14:  * Number of boolean constants for vertex programs: 0
22:25:14:  * Fragment programs: yes
22:25:14:  * Number of floating-point constants for fragment programs: 4096
22:25:14:  * Number of integer constants for fragment programs: 0
22:25:14:  * Number of boolean constants for fragment programs: 0
22:25:14:  * Geometry programs: no
22:25:14:  * Number of floating-point constants for geometry programs: 0
22:25:14:  * Number of integer constants for geometry programs: 0
22:25:14:  * Number of boolean constants for geometry programs: 0
22:25:14:  * Supported Shader Profiles: arbfp1 arbvp1 glsl
22:25:14:  * Texture Compression: yes
22:25:14:    - DXT: no
22:25:14:    - VTC: no
22:25:14:    - PVRTC: no
22:25:14:  * Scissor Rectangle: yes
22:25:14:  * Hardware Occlusion Query: yes
22:25:14:  * User clip planes: yes
22:25:14:  * VET_UBYTE4 vertex element type: yes
22:25:14:  * Infinite far plane projection: yes
22:25:14:  * Hardware render-to-texture: yes
22:25:14:  * Floating point textures: yes
22:25:14:  * Non-power-of-two textures: yes
22:25:14:  * Volume textures: yes
22:25:14:  * Multiple Render Targets: 8
22:25:14:    - With different bit depths: yes
22:25:14:  * Point Sprites: yes
22:25:14:  * Extended point parameters: yes
22:25:14:  * Max Point Size: 64
22:25:14:  * Vertex texture fetch: yes
22:25:14:  * Number of world matrices: 0
22:25:14:  * Number of texture units: 16
22:25:14:  * Stencil buffer depth: 8
22:25:14:  * Number of vertex blend matrices: 0
22:25:14:    - Max vertex textures: 16
22:25:14:    - Vertex textures shared: yes
22:25:14:  * Render to Vertex Buffer : no
22:25:14:  * GL 1.5 without VBO workaround: no
22:25:14:  * Frame Buffer objects: yes
22:25:14:  * Frame Buffer objects (ARB extension): no
22:25:14:  * Frame Buffer objects (ATI extension): no
22:25:14:  * PBuffer support: yes
22:25:14:  * GL 1.5 without HW-occlusion workaround: no
22:25:14: Registering ResourceManager for type Texture
22:25:14: DefaultWorkQueue('Root') initialising on thread 0x32123a0.
22:25:14: DefaultWorkQueue('Root')::WorkerFunc - thread 0x348fd50 starting.
22:25:14: DefaultWorkQueue('Root')::WorkerFunc - thread 0x360dfa0 starting.
22:25:14: DefaultWorkQueue('Root')::WorkerFunc - thread 0x3576970 starting.
22:25:14: DefaultWorkQueue('Root')::WorkerFunc - thread 0x360e2b0 starting.
22:25:14: DefaultWorkQueue('Root')::WorkerFunc - thread 0x3600d50 starting.
22:25:14: DefaultWorkQueue('Root')::WorkerFunc - thread 0x3601060 starting.
22:25:14: DefaultWorkQueue('Root')::WorkerFunc - thread 0x3601390 starting.
22:25:14: DefaultWorkQueue('Root')::WorkerFunc - thread 0x36016c0 starting.
22:25:14: Particle Renderer Type 'billboard' registered
22:25:14: SceneManagerFactory for type 'BspSceneManager' registered.
22:25:14: Registering ResourceManager for type BspLevel
22:25:14: SceneManagerFactory for type 'OctreeSceneManager' registered.
22:25:14: SceneManagerFactory for type 'TerrainSceneManager' registered.
22:25:14: Parsing scripts for resource group Autodetect
22:25:14: Finished parsing scripts for resource group Autodetect
22:25:14: Parsing scripts for resource group Bootstrap
22:25:14: Parsing script OgreCore.material
22:25:14: Parsing script OgreProfiler.material
22:25:14: Parsing script Ogre.fontdef
22:25:14: Parsing script OgreDebugPanel.overlay
22:25:14: Texture: New_Ogre_Border_Center.png: Loading 1 faces(PF_A8R8G8B8,256x128x1) with 5 hardware generated mipmaps from Image. Internal format is PF_A8R8G8B8,256x128x1.
22:25:14: Texture: New_Ogre_Border.png: Loading 1 faces(PF_A8R8G8B8,256x256x1) with 5 hardware generated mipmaps from Image. Internal format is PF_A8R8G8B8,256x256x1.
22:25:14: Texture: New_Ogre_Border_Break.png: Loading 1 faces(PF_A8R8G8B8,32x32x1) with 5 hardware generated mipmaps from Image. Internal format is PF_A8R8G8B8,32x32x1.
22:25:14: Texture: ogretext.png: Loading 1 faces(PF_A8R8G8B8,256x128x1) with 5 hardware generated mipmaps from Image. Internal format is PF_A8R8G8B8,256x128x1.
22:25:14: Parsing script OgreLoadingPanel.overlay
22:25:14: Finished parsing scripts for resource group Bootstrap
22:25:14: Parsing scripts for resource group General
22:25:14: Parsing script StdQuad_vp.program
22:25:14: Parsing script Examples.program
22:25:14: GLSL compiled : Ogre/BasicVertexPrograms/AmbientOneTextureGLSL
22:25:14: GLSL compiled : Ogre/HardwareSkinningTwoWeightsGLSL
22:25:14: Parsing script Examples-Advanced.material
22:25:14: Compiler error: object unsupported by render system in Examples-Advanced.material(381)
22:25:14: Parsing script CGSwizzle.material
22:25:14: Parsing script Halftone.material
22:25:14: Parsing script IsoSurf.material
22:25:14: Parsing script shipInfo.material
22:25:14: Parsing script OffsetMapping.material
22:25:14: Compiler error: object unsupported by render system in OffsetMapping.material(18)
22:25:14: GLSL compiled : Examples/OffsetMappingIntegratedShadowsFPglsl
22:25:14: GLSL compiled : Examples/OffsetMappingIntegratedShadowsVPglsl
22:25:14: Parsing script RadialBlur.material
22:25:14: Parsing script missile.material
22:25:14: Compiler error: unknown error in missile.material(7): token "59.4555039496997," is not recognized
22:25:14: Parsing script Tiling.material
22:25:14: Parsing script SharpenEdges.material
22:25:14: Parsing script wake.material
22:25:14: Parsing script Example-Water.material
22:25:14: Parsing script Laplace.material
22:25:14: Parsing script DOF.material
22:25:14: Parsing script Invert.material
22:25:14: Parsing script smoke.material
22:25:14: Parsing script pssm.material
22:25:14: Parsing script ParticleGS.material
22:25:14: Parsing script Example-DynTex.material
22:25:14: Parsing script Embossed.material
22:25:14: Parsing script ASCII.material
22:25:14: Parsing script alienship.material
22:25:14: Compiler error: unknown error in alienship.material(90): token "1.0," is not recognized
22:25:14: Parsing script Example.material
22:25:14: OGRE EXCEPTION(2:InvalidParametersException): Parameter called camObjPos does not exist.  in GpuProgramParameters::_findNamedConstantDefinition at /root/development/ogre/OgreMain/src/OgreGpuProgramParams.cpp (line 1433)
22:25:14: Compiler error: invalid parameters in Example.material(776): setting of constant failed
22:25:15: GLSL compiled : Ogre/HardwareSkinningTwoWeightsShadowCasterGLSL
22:25:15: Parsing script HeatVision.material
22:25:15: Parsing script Ocean.material
22:25:15: GLSL compiled : GLSL/OceanVS
22:25:15: GLSL compiled : GLSL/OceanFS
22:25:15: GLSL compiled : GLSL/Ocean2VS
22:25:15: GLSL compiled : GLSL/Ocean2FS
22:25:15: Parsing script MotionBlur.material
22:25:15: Parsing script rmenu.material
22:25:15: Parsing script cursor.material
22:25:15: Parsing script hdr.material
22:25:15: GLSL compiled : Ogre/Compositor/HDR/downscale2x2LuminenceGLSL_fp
22:25:15: GLSL compiled : Ogre/Compositor/StdQuad_GLSL_vp
22:25:15: GLSL compiled : Ogre/Compositor/HDR/downscale3x3GLSL_fp
22:25:15: GLSL compiled : Ogre/Compositor/HDR/utils_fp
22:25:15: GLSL compiled : Ogre/Compositor/HDR/downscale3x3brightpassGLSL_fp
22:25:15: GLSL compiled : Ogre/Compositor/HDR/bloomGLSL_fp
22:25:15: GLSL compiled : Ogre/Compositor/HDR/utils_fp
22:25:15: GLSL compiled : Ogre/Compositor/HDR/finaltonemappingGLSL_fp
22:25:15: Parsing script cigarette.material
22:25:15: Parsing script DepthShadowmap.material
22:25:15: GLSL compiled : Ogre/DepthShadowmap/CasterVP_GLSL
22:25:15: GLSL compiled : Ogre/DepthShadowmap/CasterFP_GLSL
22:25:15: GLSL compiled : Ogre/DepthShadowmap/ReceiverVP_GLSL
22:25:15: GLSL compiled : Ogre/DepthShadowmap/ReceiverFP_GLSL
22:25:15: GLSL compiled : Ogre/DepthShadowmap/ReceiverFPPCF_GLSL
22:25:15: GLSL compiled : Ogre/DepthShadowmap/NormalMapReceiverVP_GLSL
22:25:15: GLSL compiled : Ogre/DepthShadowmap/NormalMapReceiverFP_GLSL
22:25:15: GLSL compiled : Ogre/DepthShadowmap/NormalMapReceiverFPPCF_GLSL
22:25:15: Parsing script NightVision.material
22:25:15: Parsing script MRTtest.material
22:25:15: GLSL compiled : Ogre/MRTtest/scenefp/GLSL
22:25:15: GLSL compiled : Ogre/MRTtest/quadfp/GLSL
22:25:15: Parsing script Glass.material
22:25:15: Parsing script f1Overlay.material
22:25:15: Parsing script instancing.material
22:25:15: GLSL compiled : InstancingGLSL
22:25:15: GLSL compiled : InstancingShadowCasterGLSL
22:25:15: GLSL compiled : CrowdGLSL
22:25:15: GLSL compiled : CrowdShadowCasterGLSL
22:25:15: Parsing script sleek.material
22:25:15: Parsing script ui.material
22:25:15: Parsing script Posterize.material
22:25:15: Parsing script Scene.material
22:25:15: Parsing script OgreOcean.material
22:25:15: GLSL compiled : GLSL/OceanVS
22:25:15: GLSL compiled : GLSL/OceanFS
22:25:15: Parsing script OldMovie.material
22:25:15: Parsing script ASMSwizzle.material
22:25:15: Compiler error: object unsupported by render system in ASMSwizzle.material(1)
22:25:15: Parsing script GLSLSwizzle.material
22:25:15: GLSL compiled : Ogre/GPTest/Passthrough_VP_GLSL
22:25:15: Parsing script ddg51.material
22:25:15: Parsing script button.material
22:25:15: Parsing script OldTV.material
22:25:15: Parsing script Dither.material
22:25:15: Parsing script sailboat.material
22:25:15: Compiler error: unknown error in sailboat.material(87): token "60.0," is not recognized
22:25:15: Parsing script cvn68.material
22:25:15: Parsing script RZR-002.material
22:25:15: Parsing script Hurt.material
22:25:15: Parsing script BlackAndWhite.material
22:25:15: Parsing script boat.material
22:25:15: Parsing script Bloom.material
22:25:15: GLSL compiled : Blur_ps_glsl
22:25:15: GLSL compiled : Blur0_vs_glsl
22:25:15: GLSL compiled : Blur1_vs_glsl
22:25:15: Parsing script Ogre.material
22:25:15: Parsing script Bloom2.material
22:25:15: GLSL compiled : Bloom2_ps20_glsl
22:25:15: Parsing script VarianceShadowmap.material
22:25:15: Parsing script facial.material
22:25:15: Parsing script PythonOgreDebugPanel.material
22:25:15: Parsing script RomanBath.material
22:25:15: Parsing script emitted_emitter.particle
22:25:15: Parsing script Example.particle
22:25:15: Parsing script Example-Water.particle
22:25:15: Parsing script smoke.particle
22:25:15: Parsing script Examples.compositor
22:25:15: Parsing script sample.fontdef
22:25:15: Parsing script Compositor.overlay
22:25:15: Parsing script DP3.overlay
22:25:15: Parsing script Example-DynTex.overlay
22:25:15: Parsing script Shadows.overlay
22:25:15: Parsing script PythonOgreDebugPanel.overlay
22:25:15: Texture: popanel.png: Loading 1 faces(PF_A8R8G8B8,638x90x1) with 5 hardware generated mipmaps from Image. Internal format is PF_A8R8G8B8,638x90x1.
22:25:15: Parsing script Example-CubeMapping.overlay
22:25:15: Parsing script Example-Water.overlay
22:25:15: Finished parsing scripts for resource group General
22:25:15: Parsing scripts for resource group Internal
22:25:15: Finished parsing scripts for resource group Internal
22:25:15: Mesh: Loading sailboat.mesh.
22:25:15: WARNING: sailboat.mesh is an older format ([MeshSerializer_v1.40]); you should upgrade it as soon as possible using the OgreMeshUpgrade tool.
22:25:15: Texture: Wood_Lumber_ButtJoined.jpg: Loading 1 faces(PF_R8G8B8,512x256x1) with 5 hardware generated mipmaps from Image. Internal format is PF_X8R8G8B8,512x256x1.
22:25:15: Mesh: Loading alienship.mesh.
22:25:15: WARNING: alienship.mesh is an older format ([MeshSerializer_v1.40]); you should upgrade it as soon as possible using the OgreMeshUpgrade tool.
22:25:15: Texture: ALM07.JPG: Loading 1 faces(PF_R8G8B8,512x512x1) with 5 hardware generated mipmaps from Image. Internal format is PF_X8R8G8B8,512x512x1.
22:25:15: Mesh: Loading 3699_Monterey_189_92.mesh.
22:25:15: WARNING: 3699_Monterey_189_92.mesh is an older format ([MeshSerializer_v1.40]); you should upgrade it as soon as possible using the OgreMeshUpgrade tool.
22:25:15: Can't assign material steerw to SubEntity of Monterey because this Material does not exist. Have you forgotten to define it in a .material script?
22:25:15: Can't assign material color to SubEntity of Monterey because this Material does not exist. Have you forgotten to define it in a .material script?
22:25:15: Can't assign material color2 to SubEntity of Monterey because this Material does not exist. Have you forgotten to define it in a .material script?
22:25:15: Can't assign material dash to SubEntity of Monterey because this Material does not exist. Have you forgotten to define it in a .material script?
22:25:15: Can't assign material glass to SubEntity of Monterey because this Material does not exist. Have you forgotten to define it in a .material script?
22:25:15: Can't assign material hardwhit to SubEntity of Monterey because this Material does not exist. Have you forgotten to define it in a .material script?
22:25:15: Can't assign material instru to SubEntity of Monterey because this Material does not exist. Have you forgotten to define it in a .material script?
22:25:15: Can't assign material props to SubEntity of Monterey because this Material does not exist. Have you forgotten to define it in a .material script?
22:25:15: Can't assign material softtuff to SubEntity of Monterey because this Material does not exist. Have you forgotten to define it in a .material script?
22:25:15: Can't assign material steel to SubEntity of Monterey because this Material does not exist. Have you forgotten to define it in a .material script?
22:25:15: Can't assign material steerb to SubEntity of Monterey because this Material does not exist. Have you forgotten to define it in a .material script?
22:25:15: Can't assign material support to SubEntity of Monterey because this Material does not exist. Have you forgotten to define it in a .material script?
22:25:15: Can't assign material tail to SubEntity of Monterey because this Material does not exist. Have you forgotten to define it in a .material script?
22:25:15: Can't assign material wood to SubEntity of Monterey because this Material does not exist. Have you forgotten to define it in a .material script?
22:25:15: Mesh: Loading 5086_Boat.mesh.
22:25:15: WARNING: 5086_Boat.mesh is an older format ([MeshSerializer_v1.40]); you should upgrade it as soon as possible using the OgreMeshUpgrade tool.
22:25:15: Can't assign material BLACK_mate/SOLID/TEX/ecslHorizontal.bmp to SubEntity of Boat because this Material does not exist. Have you forgotten to define it in a .material script?
22:25:15: Can't assign material Black_plas/SOLID/TEX/ecslHorizontal.bmp to SubEntity of Boat because this Material does not exist. Have you forgotten to define it in a .material script?
22:25:15: Can't assign material Blue_plast/SOLID/TEX/ecslHorizontal.bmp to SubEntity of Boat because this Material does not exist. Have you forgotten to define it in a .material script?
22:25:15: Can't assign material boat_wood/SOLID/TEX/ecslHorizontal.bmp to SubEntity of Boat because this Material does not exist. Have you forgotten to define it in a .material script?
22:25:15: Can't assign material Chrome/SOLID/TEX/ecslHorizontal.bmp to SubEntity of Boat because this Material does not exist. Have you forgotten to define it in a .material script?
22:25:15: Can't assign material Glass/SOLID/TEX/ecslHorizontal.bmp to SubEntity of Boat because this Material does not exist. Have you forgotten to define it in a .material script?
22:25:15: Can't assign material white_mate/SOLID/TEX/ecslHorizontal.bmp to SubEntity of Boat because this Material does not exist. Have you forgotten to define it in a .material script?
22:25:15: Can't assign material White_plst/SOLID/TEX/ecslHorizontal.bmp to SubEntity of Boat because this Material does not exist. Have you forgotten to define it in a .material script?
22:25:15: Texture: ecslHorizontal.bmp: Loading 1 faces(PF_R8G8B8,128x128x1) with 5 hardware generated mipmaps from Image. Internal format is PF_X8R8G8B8,128x128x1.
22:25:15: Mesh: Loading boat.mesh.
22:25:15: WARNING: boat.mesh is an older format ([MeshSerializer_v1.40]); you should upgrade it as soon as possible using the OgreMeshUpgrade tool.
22:25:15: Texture: ecsl.bmp: Loading 1 faces(PF_R8G8B8,128x128x1) with 5 hardware generated mipmaps from Image. Internal format is PF_X8R8G8B8,128x128x1.
22:25:15: Mesh: Loading cigarette.mesh.
22:25:15: WARNING: cigarette.mesh is an older format ([MeshSerializer_v1.40]); you should upgrade it as soon as possible using the OgreMeshUpgrade tool.
22:25:15: Mesh: Loading sleek.mesh.
22:25:15: WARNING: sleek.mesh is an older format ([MeshSerializer_v1.40]); you should upgrade it as soon as possible using the OgreMeshUpgrade tool.
22:25:15: Mesh: Loading cvn68.mesh.
22:25:15: WARNING: cvn68.mesh is an older format ([MeshSerializer_v1.40]); you should upgrade it as soon as possible using the OgreMeshUpgrade tool.
22:25:15: Texture: ecslDark.bmp: Loading 1 faces(PF_R8G8B8,128x128x1) with 5 hardware generated mipmaps from Image. Internal format is PF_X8R8G8B8,128x128x1.
22:25:15: Mesh: Loading 4685_Personal_Watercr.mesh.
22:25:15: WARNING: 4685_Personal_Watercr.mesh is an older format ([MeshSerializer_v1.40]); you should upgrade it as soon as possible using the OgreMeshUpgrade tool.
22:25:15: Can't assign material back to SubEntity of Watercraft because this Material does not exist. Have you forgotten to define it in a .material script?
22:25:15: Can't assign material pads to SubEntity of Watercraft because this Material does not exist. Have you forgotten to define it in a .material script?
22:25:15: Can't assign material fuelgage to SubEntity of Watercraft because this Material does not exist. Have you forgotten to define it in a .material script?
22:25:15: Can't assign material gascap to SubEntity of Watercraft because this Material does not exist. Have you forgotten to define it in a .material script?
22:25:15: Can't assign material gascap2 to SubEntity of Watercraft because this Material does not exist. Have you forgotten to define it in a .material script?
22:25:15: Can't assign material housng2 to SubEntity of Watercraft because this Material does not exist. Have you forgotten to define it in a .material script?
22:25:15: Can't assign material housng3 to SubEntity of Watercraft because this Material does not exist. Have you forgotten to define it in a .material script?
22:25:15: Can't assign material lcdscrn to SubEntity of Watercraft because this Material does not exist. Have you forgotten to define it in a .material script?
22:25:15: Can't assign material rearhk2 to SubEntity of Watercraft because this Material does not exist. Have you forgotten to define it in a .material script?
22:25:15: Can't assign material seat to SubEntity of Watercraft because this Material does not exist. Have you forgotten to define it in a .material script?
22:25:15: Can't assign material seat2 to SubEntity of Watercraft because this Material does not exist. Have you forgotten to define it in a .material script?
22:25:15: Can't assign material stbttn to SubEntity of Watercraft because this Material does not exist. Have you forgotten to define it in a .material script?
22:25:15: Can't assign material stbttn2 to SubEntity of Watercraft because this Material does not exist. Have you forgotten to define it in a .material script?
22:25:15: Can't assign material stop to SubEntity of Watercraft because this Material does not exist. Have you forgotten to define it in a .material script?
22:25:15: Can't assign material strtrh2 to SubEntity of Watercraft because this Material does not exist. Have you forgotten to define it in a .material script?
22:25:15: Can't assign material strtrh3 to SubEntity of Watercraft because this Material does not exist. Have you forgotten to define it in a .material script?
22:25:15: Mesh: Loading ddg51.mesh.
22:25:15: WARNING: ddg51.mesh is an older format ([MeshSerializer_v1.40]); you should upgrade it as soon as possible using the OgreMeshUpgrade tool.
22:25:15: Texture: Water_Pool.jpg: Loading 1 faces(PF_R8G8B8,256x256x1) with 5 hardware generated mipmaps from Image. Internal format is PF_X8R8G8B8,256x256x1.
22:25:15: Texture: clouds.jpg: Loading 1 faces(PF_R8G8B8,256x256x1) with 5 hardware generated mipmaps from Image. Internal format is PF_X8R8G8B8,256x256x1.
22:25:15: Font BlueHighwayusing texture size 512x512
22:25:15: Info: Freetype returned null for character 127 in font BlueHighway
22:25:15: Info: Freetype returned null for character 128 in font BlueHighway
22:25:15: Info: Freetype returned null for character 129 in font BlueHighway
22:25:15: Info: Freetype returned null for character 130 in font BlueHighway
22:25:15: Info: Freetype returned null for character 131 in font BlueHighway
22:25:15: Info: Freetype returned null for character 132 in font BlueHighway
22:25:15: Info: Freetype returned null for character 133 in font BlueHighway
22:25:15: Info: Freetype returned null for character 134 in font BlueHighway
22:25:15: Info: Freetype returned null for character 135 in font BlueHighway
22:25:15: Info: Freetype returned null for character 136 in font BlueHighway
22:25:15: Info: Freetype returned null for character 137 in font BlueHighway
22:25:15: Info: Freetype returned null for character 138 in font BlueHighway
22:25:15: Info: Freetype returned null for character 139 in font BlueHighway
22:25:15: Info: Freetype returned null for character 140 in font BlueHighway
22:25:15: Info: Freetype returned null for character 141 in font BlueHighway
22:25:15: Info: Freetype returned null for character 142 in font BlueHighway
22:25:15: Info: Freetype returned null for character 143 in font BlueHighway
22:25:15: Info: Freetype returned null for character 144 in font BlueHighway
22:25:15: Info: Freetype returned null for character 145 in font BlueHighway
22:25:15: Info: Freetype returned null for character 146 in font BlueHighway
22:25:15: Info: Freetype returned null for character 147 in font BlueHighway
22:25:15: Info: Freetype returned null for character 148 in font BlueHighway
22:25:15: Info: Freetype returned null for character 149 in font BlueHighway
22:25:15: Info: Freetype returned null for character 150 in font BlueHighway
22:25:15: Info: Freetype returned null for character 151 in font BlueHighway
22:25:15: Info: Freetype returned null for character 152 in font BlueHighway
22:25:15: Info: Freetype returned null for character 153 in font BlueHighway
22:25:15: Info: Freetype returned null for character 154 in font BlueHighway
22:25:15: Info: Freetype returned null for character 155 in font BlueHighway
22:25:15: Info: Freetype returned null for character 156 in font BlueHighway
22:25:15: Info: Freetype returned null for character 157 in font BlueHighway
22:25:15: Info: Freetype returned null for character 158 in font BlueHighway
22:25:15: Info: Freetype returned null for character 159 in font BlueHighway
22:25:15: Info: Freetype returned null for character 160 in font BlueHighway
22:25:15: Texture: BlueHighwayTexture: Loading 1 faces(PF_BYTE_LA,512x512x1) with  hardware generated mipmaps from Image. Internal format is PF_BYTE_LA,512x512x1.
22:25:59: DefaultWorkQueue('Root') shutting down on thread 0x32123a0.
22:25:59: DefaultWorkQueue('Root')::WorkerFunc - thread 0x348fd50 stopped.
22:25:59: DefaultWorkQueue('Root')::WorkerFunc - thread 0x360dfa0 stopped.
22:25:59: DefaultWorkQueue('Root')::WorkerFunc - thread 0x3576970 stopped.
22:25:59: DefaultWorkQueue('Root')::WorkerFunc - thread 0x360e2b0 stopped.
22:25:59: DefaultWorkQueue('Root')::WorkerFunc - thread 0x36016c0 stopped.
22:25:59: DefaultWorkQueue('Root')::WorkerFunc - thread 0x3601060 stopped.
22:25:59: DefaultWorkQueue('Root')::WorkerFunc - thread 0x3601390 stopped.
22:25:59: DefaultWorkQueue('Root')::WorkerFunc - thread 0x3600d50 stopped.
22:25:59: Unregistering ResourceManager for type BspLevel
22:25:59: *-*-* OGRE Shutdown
22:25:59: Unregistering ResourceManager for type Compositor
22:25:59: Unregistering ResourceManager for type Font
22:25:59: Unregistering ResourceManager for type Skeleton
22:25:59: Unregistering ResourceManager for type Mesh
22:25:59: Unregistering ResourceManager for type HighLevelGpuProgram
22:25:59: Uninstalling plugin: Cg Program Manager
22:25:59: Plugin successfully uninstalled
22:25:59: Unloading library /usr/lib/OGRE/Plugin_CgProgramManager
22:25:59: Uninstalling plugin: Octree & Terrain Scene Manager
22:25:59: Plugin successfully uninstalled
22:25:59: Unloading library /usr/lib/OGRE/Plugin_OctreeSceneManager
22:25:59: Uninstalling plugin: BSP Scene Manager
22:25:59: Plugin successfully uninstalled
22:25:59: Unloading library /usr/lib/OGRE/Plugin_BSPSceneManager
22:25:59: Uninstalling plugin: ParticleFX
22:25:59: Plugin successfully uninstalled
22:25:59: Unloading library /usr/lib/OGRE/Plugin_ParticleFX
22:25:59: Uninstalling plugin: GL RenderSystem
22:25:59: Unregistering ResourceManager for type GpuProgram
22:25:59: ******************************
*** Stopping GLX Subsystem ***
******************************
22:25:59: Unregistering ResourceManager for type Texture
22:25:59: Plugin successfully uninstalled
22:25:59: Unloading library /usr/lib/OGRE/RenderSystem_GL
22:25:59: Unregistering ResourceManager for type Material
